<?xml version="1.0" encoding="UTF-8"?>
<!-- Generated by org.testng.reporters.JUnitReportReporter -->
<testsuite hostname="PC07" failures="0" tests="1" name="material.itemmstvaldation" time="147.767" errors="0" timestamp="2023-01-11T11:33:52 IST" skipped="0">
  <testcase classname="material.itemmstvaldation" name="itmmstclssubclsvaldn" time="147.767"/>
  <system-out>
    <![CDATA[Connection  String value succesfully send == <b>Server=PC43\SQLEXPRESS;Database=QCNHADMPETPL;uid=sa;pwd=;Max Pool Size=1000;Connection TimeOut= 3000;</b>
Username value succesfully send == <b>su</b>
Password value succesfully send == <b>us</b>
Click Sucessfully == Login Button
Dropdown  Company selected==QC's Parle Elizabeth Tools QC LTD
Dropdown  Company/Location selected==QC Site PARLE ELI-PRD
Click Sucessfully == submit Button
Click Sucessfully == MAterial Module
Click Sucessfully == Item MAster BAsic Details Entry
Click Sucessfully == Add new Button
Item code value succesfully send == <b>Laptop123adas</b>
ItemDesc value succesfully send == <b>This is description of Laptop </b>
ItemDetailDesc value succesfully send == <b>ITeM DETAILS IN DEscription it is Laptop  this is added at Today</b>
ItemaddDetailDesc value succesfully send == <b>Item add detailes decription</b>
Click sucessfully==Class
<b><FONT COLOR="#ff0000"> INVALID  Option/No such Option Present ==</FONT></b><b><FONT COLOR="#0000ff">Class==ANKUsff</FONT></b>
no such element: Unable to locate element: {"method":"xpath","selector":"//span[contains(text(),'ANKUsff')]"}
  (Session info: chrome=108.0.5359.125)
For documentation on this error, please visit: https://selenium.dev/exceptions/#no_such_element
Build info: version: '4.6.0', revision: '79f1c02ae20'
System info: os.name: 'Windows 10', os.arch: 'amd64', os.version: '10.0', java.version: '19.0.1'
Driver info: org.openqa.selenium.chrome.ChromeDriver
Command: [f91c35c3018ebc476267fbc1ee918628, findElement {using=xpath, value=//span[contains(text(),'ANKUsff')]}]
Capabilities {acceptInsecureCerts: false, browserName: chrome, browserVersion: 108.0.5359.125, chrome: {chromedriverVersion: 108.0.5359.71 (1e0e3868ee06..., userDataDir: C:\Users\Ankush\AppData\Loc...}, goog:chromeOptions: {debuggerAddress: localhost:50542}, networkConnectionEnabled: false, pageLoadStrategy: normal, platformName: WINDOWS, proxy: Proxy(), se:cdp: ws://localhost:50542/devtoo..., se:cdpVersion: 108.0.5359.125, setWindowRect: true, strictFileInteractability: false, timeouts: {implicit: 0, pageLoad: 300000, script: 30000}, unhandledPromptBehavior: dismiss and notify, webauthn:extension:credBlob: true, webauthn:extension:largeBlob: true, webauthn:virtualAuthenticators: true}
Session ID: f91c35c3018ebc476267fbc1ee918628
Click sucessfully==Subclass
<b><FONT COLOR="#ff0000"> INVALID  Option/No such Option Present ==</FONT></b><b><FONT COLOR="#0000ff">Subclass==SUB11ff</FONT></b>
no such element: Unable to locate element: {"method":"xpath","selector":"//span[contains(text(),'SUB11ff')]"}
  (Session info: chrome=108.0.5359.125)
For documentation on this error, please visit: https://selenium.dev/exceptions/#no_such_element
Build info: version: '4.6.0', revision: '79f1c02ae20'
System info: os.name: 'Windows 10', os.arch: 'amd64', os.version: '10.0', java.version: '19.0.1'
Driver info: org.openqa.selenium.chrome.ChromeDriver
Command: [f91c35c3018ebc476267fbc1ee918628, findElement {using=xpath, value=//span[contains(text(),'SUB11ff')]}]
Capabilities {acceptInsecureCerts: false, browserName: chrome, browserVersion: 108.0.5359.125, chrome: {chromedriverVersion: 108.0.5359.71 (1e0e3868ee06..., userDataDir: C:\Users\Ankush\AppData\Loc...}, goog:chromeOptions: {debuggerAddress: localhost:50542}, networkConnectionEnabled: false, pageLoadStrategy: normal, platformName: WINDOWS, proxy: Proxy(), se:cdp: ws://localhost:50542/devtoo..., se:cdpVersion: 108.0.5359.125, setWindowRect: true, strictFileInteractability: false, timeouts: {implicit: 0, pageLoad: 300000, script: 30000}, unhandledPromptBehavior: dismiss and notify, webauthn:extension:credBlob: true, webauthn:extension:largeBlob: true, webauthn:virtualAuthenticators: true}
Session ID: f91c35c3018ebc476267fbc1ee918628
Click sucessfully==MOC
Option Sucessfully Selected==<b>MOC==ALLUMINIUN</b>
Click sucessfully==UOM
Option Sucessfully Selected==<b>UOM==NOS - Numbers</b>
Click Sucessfully == Save Button
 Item Class is required.]]>
  </system-out>
</testsuite> <!-- material.itemmstvaldation -->
